<?xml version="1.0" encoding="UTF-8"?>
<testng-results skipped="0" failed="0" ignored="0" total="1" passed="1">
  <reporter-output>
  </reporter-output>
  <suite name="Default suite" duration-ms="59546" started-at="2020-10-17T10:46:56Z" finished-at="2020-10-17T10:47:56Z">
    <groups>
    </groups>
    <test name="Default test" duration-ms="59546" started-at="2020-10-17T10:46:56Z" finished-at="2020-10-17T10:47:56Z">
      <class name="swdDemos.gridTest">
        <test-method status="PASS" signature="f()[pri:0, instance:swdDemos.gridTest@1d057a39]" name="f" duration-ms="59484" started-at="2020-10-17T10:46:56Z" finished-at="2020-10-17T10:47:56Z">
          <reporter-output>
          </reporter-output>
        </test-method> <!-- f -->
      </class> <!-- swdDemos.gridTest -->
    </test> <!-- Default test -->
  </suite> <!-- Default suite -->
</testng-results>
